=== DEPLOYMENT START ===
Mon Dec 15 12:25:07 IST 2025

Step 1: Checking git status...
On branch main
Changes not staged for commit:
  (use "git add <file>..." to update what will be committed)
  (use "git restore <file>..." to discard changes in working directory)
  (commit or discard the untracked or modified content in submodules)
	modified:   enqir 1 copy 9 untested copy 14 (modified content, untracked content)
	modified:   src/pages/EnquiryDetail.tsx

Untracked files:
  (use "git add <file>..." to include in what will be committed)
	deploy_output.log

no changes added to commit (use "git add" and/or "git commit -a")

Step 2: Adding all changes...

Step 3: Checking what will be committed...
deploy_output.log
src/pages/EnquiryDetail.tsx

Step 4: Committing...
[main ac4a943] Deploy: All latest updates - mobile optimizations, thinner borders, removed dividers, search bar styling
 Committer: Nived Sunil <nivedsunil@Niveds-MacBook-Air.local>
Your name and email address were configured automatically based
on your username and hostname. Please check that they are accurate.
You can suppress this message by setting them explicitly. Run the
following command and follow the instructions in your editor to edit
your configuration file:

    git config --global --edit

After doing this, you may fix the identity used for this commit with:

    git commit --amend --reset-author

 2 files changed, 81 insertions(+), 110 deletions(-)
 create mode 100644 deploy_output.log

Step 5: Checking commits ahead of remote...
ac4a943 Deploy: All latest updates - mobile optimizations, thinner borders, removed dividers, search bar styling

Step 6: Pushing to main...
To https://github.com/bisond98/enqir.git
   69efbcb..ac4a943  main -> main

=== DEPLOYMENT END ===
Mon Dec 15 12:25:09 IST 2025
